<?xml version="1.0" encoding="UTF-8"?>
<testsuite name="dev.vorstu.VorstuApplicationTests" tests="1" skipped="0" failures="0" errors="0" timestamp="2026-06-25T09:10:58.933Z" hostname="MSI" time="0.52">
  <properties/>
  <testcase name="contextLoads()" classname="dev.vorstu.VorstuApplicationTests" time="0.52"/>
  <system-out><![CDATA[13:10:56.946 [Test worker] INFO org.springframework.test.context.support.AnnotationConfigContextLoaderUtils -- Could not detect default configuration classes for test class [dev.vorstu.VorstuApplicationTests]: VorstuApplicationTests does not declare any static, non-private, non-final, nested classes annotated with @Configuration.
13:10:57.115 [Test worker] INFO org.springframework.boot.test.context.SpringBootTestContextBootstrapper -- Found @SpringBootConfiguration dev.vorstu.VorstuApplication for test class dev.vorstu.VorstuApplicationTests
13:10:57.191 [Test worker] INFO org.springframework.test.context.support.AnnotationConfigContextLoaderUtils -- Could not detect default configuration classes for test class [dev.vorstu.VorstuApplicationTests]: VorstuApplicationTests does not declare any static, non-private, non-final, nested classes annotated with @Configuration.
13:10:57.193 [Test worker] INFO org.springframework.boot.test.context.SpringBootTestContextBootstrapper -- Found @SpringBootConfiguration dev.vorstu.VorstuApplication for test class dev.vorstu.VorstuApplicationTests

  .   ____          _            __ _ _
 /\\ / ___'_ __ _ _(_)_ __  __ _ \ \ \ \
( ( )\___ | '_ | '_| | '_ \/ _` | \ \ \ \
 \\/  ___)| |_)| | | | | || (_| |  ) ) ) )
  '  |____| .__|_| |_|_| |_\__, | / / / /
 =========|_|==============|___/=/_/_/_/

 :: Spring Boot ::                (v4.1.0)

2026-06-25T13:10:57.499+04:00  INFO 19856 --- [vorstu] [    Test worker] dev.vorstu.VorstuApplicationTests        : Starting VorstuApplicationTests using Java 24.0.2 with PID 19856 (started by admin in C:\Users\admin\Desktop\vorstu)
2026-06-25T13:10:57.501+04:00  INFO 19856 --- [vorstu] [    Test worker] dev.vorstu.VorstuApplicationTests        : No active profile set, falling back to 1 default profile: "default"
2026-06-25T13:10:58.923+04:00  INFO 19856 --- [vorstu] [    Test worker] dev.vorstu.VorstuApplicationTests        : Started VorstuApplicationTests in 1.67 seconds (process running for 3.082)
]]></system-out>
  <system-err><![CDATA[Mockito is currently self-attaching to enable the inline-mock-maker. This will no longer work in future releases of the JDK. Please add Mockito as an agent to your build as described in Mockito's documentation: https://javadoc.io/doc/org.mockito/mockito-core/latest/org.mockito/org/mockito/Mockito.html#0.3
WARNING: A Java agent has been loaded dynamically (C:\Users\admin\.gradle\caches\modules-2\files-2.1\net.bytebuddy\byte-buddy-agent\1.18.10\9426d28828bdcdf42666bb7a68c468279ea78f59\byte-buddy-agent-1.18.10.jar)
WARNING: If a serviceability tool is in use, please run with -XX:+EnableDynamicAgentLoading to hide this warning
WARNING: If a serviceability tool is not in use, please run with -Djdk.instrument.traceUsage for more information
WARNING: Dynamic loading of agents will be disallowed by default in a future release
]]></system-err>
</testsuite>
